2022-11-19 16:28:06,283 INFO org.hibernate.validator.internal.util.Version [background-preinit] HV000001: Hibernate Validator 6.2.5.Final
2022-11-19 16:28:06,284 INFO org.springframework.boot.StartupInfoLogger [main] Starting PropertyManagementApplication using Java 1.8.0_341 on DESKTOP-CT0BIMS with PID 13928 (C:\SpringBootDemo\property-management\target\classes started by BLACKBOX in C:\SpringBootDemo\property-management)
2022-11-19 16:28:06,285 INFO org.springframework.boot.SpringApplication [main] The following 1 profile is active: "dev"
2022-11-19 16:28:06,728 INFO org.springframework.data.repository.config.RepositoryConfigurationDelegate [main] Bootstrapping Spring Data JPA repositories in DEFAULT mode.
2022-11-19 16:28:06,763 INFO org.springframework.data.repository.config.RepositoryConfigurationDelegate [main] Finished Spring Data repository scanning in 27 ms. Found 2 JPA repository interfaces.
2022-11-19 16:28:07,132 INFO org.springframework.boot.web.embedded.tomcat.TomcatWebServer [main] Tomcat initialized with port(s): 8080 (http)
2022-11-19 16:28:07,138 INFO org.apache.juli.logging.DirectJDKLog [main] Initializing ProtocolHandler ["http-nio-8080"]
2022-11-19 16:28:07,138 INFO org.apache.juli.logging.DirectJDKLog [main] Starting service [Tomcat]
2022-11-19 16:28:07,138 INFO org.apache.juli.logging.DirectJDKLog [main] Starting Servlet engine: [Apache Tomcat/9.0.68]
2022-11-19 16:28:07,261 INFO org.apache.juli.logging.DirectJDKLog [main] Initializing Spring embedded WebApplicationContext
2022-11-19 16:28:07,262 INFO org.springframework.boot.web.servlet.context.ServletWebServerApplicationContext [main] Root WebApplicationContext: initialization completed in 947 ms
2022-11-19 16:28:07,353 INFO org.hibernate.jpa.internal.util.LogHelper [main] HHH000204: Processing PersistenceUnitInfo [name: default]
2022-11-19 16:28:07,394 INFO org.hibernate.Version [main] HHH000412: Hibernate ORM core version 5.6.12.Final
2022-11-19 16:28:07,514 INFO org.hibernate.annotations.common.reflection.java.JavaReflectionManager [main] HCANN000001: Hibernate Commons Annotations {5.1.2.Final}
2022-11-19 16:28:07,584 INFO com.zaxxer.hikari.HikariDataSource [main] HikariPool-1 - Starting...
2022-11-19 16:28:07,687 INFO com.zaxxer.hikari.HikariDataSource [main] HikariPool-1 - Start completed.
2022-11-19 16:28:07,701 INFO org.hibernate.dialect.Dialect [main] HHH000400: Using dialect: org.hibernate.dialect.MySQL5InnoDBDialect
2022-11-19 16:28:08,146 INFO org.hibernate.engine.transaction.jta.platform.internal.JtaPlatformInitiator [main] HHH000490: Using JtaPlatform implementation: [org.hibernate.engine.transaction.jta.platform.internal.NoJtaPlatform]
2022-11-19 16:28:08,153 INFO org.springframework.orm.jpa.AbstractEntityManagerFactoryBean [main] Initialized JPA EntityManagerFactory for persistence unit 'default'
2022-11-19 16:28:08,383 WARN org.springframework.boot.autoconfigure.orm.jpa.JpaBaseConfiguration$JpaWebConfiguration [main] spring.jpa.open-in-view is enabled by default. Therefore, database queries may be performed during view rendering. Explicitly configure spring.jpa.open-in-view to disable this warning
2022-11-19 16:28:08,629 INFO org.apache.juli.logging.DirectJDKLog [main] Starting ProtocolHandler ["http-nio-8080"]
2022-11-19 16:28:08,639 INFO org.springframework.boot.web.embedded.tomcat.TomcatWebServer [main] Tomcat started on port(s): 8080 (http) with context path ''
2022-11-19 16:28:08,644 INFO org.springframework.boot.StartupInfoLogger [main] Started PropertyManagementApplication in 2.606 seconds (JVM running for 2.93)
2022-11-19 16:30:43,599 INFO org.apache.juli.logging.DirectJDKLog [http-nio-8080-exec-2] Initializing Spring DispatcherServlet 'dispatcherServlet'
2022-11-19 16:30:43,599 INFO org.springframework.web.servlet.FrameworkServlet [http-nio-8080-exec-2] Initializing Servlet 'dispatcherServlet'
2022-11-19 16:30:43,600 INFO org.springframework.web.servlet.FrameworkServlet [http-nio-8080-exec-2] Completed initialization in 0 ms
2022-11-19 16:30:43,907 INFO com.mycompany.propertymanagement.exception.CustomExceptionHandler [http-nio-8080-exec-2] Business Exception is thrown -level -info : Invalid Input-Incorrect Email or Password
2022-11-19 16:30:43,907 WARN com.mycompany.propertymanagement.exception.CustomExceptionHandler [http-nio-8080-exec-2] Business Exception is thrown -level -warn : Invalid Input-Incorrect Email or Password
2022-11-19 16:30:43,908 ERROR com.mycompany.propertymanagement.exception.CustomExceptionHandler [http-nio-8080-exec-2] Business Exception is thrown -level -error : Invalid Input-Incorrect Email or Password
2022-11-19 16:30:55,479 INFO com.mycompany.propertymanagement.exception.CustomExceptionHandler [http-nio-8080-exec-3] Business Exception is thrown -level -info : Invalid Input-Incorrect Email or Password
2022-11-19 16:30:55,479 WARN com.mycompany.propertymanagement.exception.CustomExceptionHandler [http-nio-8080-exec-3] Business Exception is thrown -level -warn : Invalid Input-Incorrect Email or Password
2022-11-19 16:30:55,480 ERROR com.mycompany.propertymanagement.exception.CustomExceptionHandler [http-nio-8080-exec-3] Business Exception is thrown -level -error : Invalid Input-Incorrect Email or Password
2022-11-19 16:35:45,912 INFO org.springframework.orm.jpa.AbstractEntityManagerFactoryBean [SpringApplicationShutdownHook] Closing JPA EntityManagerFactory for persistence unit 'default'
2022-11-19 16:35:45,913 INFO com.zaxxer.hikari.HikariDataSource [SpringApplicationShutdownHook] HikariPool-1 - Shutdown initiated...
2022-11-19 16:35:45,917 INFO com.zaxxer.hikari.HikariDataSource [SpringApplicationShutdownHook] HikariPool-1 - Shutdown completed.
